# JRE version: OpenJDK Runtime Environment (Zulu 8.60.0.21-CA-macos-aarch64) (8.0_322-b06) (build 1.8.0_322-b06)
# Java VM: OpenJDK 64-Bit Server VM (25.322-b06 mixed mode bsd-aarch64 compressed oops)
Heap:
 PSYoungGen      total 1254400K, used 670303K [0x000000076ab00000, 0x00000007bf300000, 0x00000007c0000000)
  eden space 1140736K, 58% used [0x000000076ab00000,0x0000000793997e60,0x00000007b0500000)
  from space 113664K, 0% used [0x00000007b8400000,0x00000007b8400000,0x00000007bf300000)
  to   space 121856K, 0% used [0x00000007b0500000,0x00000007b0500000,0x00000007b7c00000)
 ParOldGen       total 2796544K, used 2796061K [0x00000006c0000000, 0x000000076ab00000, 0x000000076ab00000)
  object space 2796544K, 99% used [0x00000006c0000000,0x000000076aa87560,0x000000076ab00000)
 Metaspace       used 280439K, capacity 289862K, committed 290144K, reserved 1316864K
  class space    used 21325K, capacity 23044K, committed 23168K, reserved 1048576K
GC Heap History (10 events):
Event: 855.446 GC heap before
{Heap before GC invocations=227 (full 33):
 PSYoungGen      total 1254400K, used 1140736K [0x000000076ab00000, 0x00000007bf300000, 0x00000007c0000000)
  eden space 1140736K, 100% used [0x000000076ab00000,0x00000007b0500000,0x00000007b0500000)
  from space 113664K, 0% used [0x00000007b8400000,0x00000007b8400000,0x00000007bf300000)
  to   space 121856K, 0% used [0x00000007b0500000,0x00000007b0500000,0x00000007b7c00000)
 ParOldGen       total 2796544K, used 2796134K [0x00000006c0000000, 0x000000076ab00000, 0x000000076ab00000)
  object space 2796544K, 99% used [0x00000006c0000000,0x000000076aa99828,0x000000076ab00000)
 Metaspace       used 280076K, capacity 289514K, committed 289760K, reserved 1316864K
  class space    used 21310K, capacity 23034K, committed 23040K, reserved 1048576K
Event: 858.758 GC heap after
Heap after GC invocations=227 (full 33):
 PSYoungGen      total 1254400K, used 159895K [0x000000076ab00000, 0x00000007bf300000, 0x00000007c0000000)
  eden space 1140736K, 14% used [0x000000076ab00000,0x0000000774725db0,0x00000007b0500000)
  from space 113664K, 0% used [0x00000007b8400000,0x00000007b8400000,0x00000007bf300000)
  to   space 121856K, 0% used [0x00000007b0500000,0x00000007b0500000,0x00000007b7c00000)
 ParOldGen       total 2796544K, used 2796129K [0x00000006c0000000, 0x000000076ab00000, 0x000000076ab00000)
  object space 2796544K, 99% used [0x00000006c0000000,0x000000076aa985e8,0x000000076ab00000)
 Metaspace       used 280076K, capacity 289514K, committed 289760K, reserved 1316864K
  class space    used 21310K, capacity 23034K, committed 23040K, reserved 1048576K
}
Event: 953.054 GC heap before
{Heap before GC invocations=228 (full 34):
 PSYoungGen      total 1254400K, used 1140736K [0x000000076ab00000, 0x00000007bf300000, 0x00000007c0000000)
  eden space 1140736K, 100% used [0x000000076ab00000,0x00000007b0500000,0x00000007b0500000)
  from space 113664K, 0% used [0x00000007b8400000,0x00000007b8400000,0x00000007bf300000)
  to   space 121856K, 0% used [0x00000007b0500000,0x00000007b0500000,0x00000007b7c00000)
 ParOldGen       total 2796544K, used 2796129K [0x00000006c0000000, 0x000000076ab00000, 0x000000076ab00000)
  object space 2796544K, 99% used [0x00000006c0000000,0x000000076aa985e8,0x000000076ab00000)
 Metaspace       used 280253K, capacity 289644K, committed 289760K, reserved 1316864K
  class space    used 21311K, capacity 23035K, committed 23040K, reserved 1048576K
Event: 960.020 GC heap after
Heap after GC invocations=228 (full 34):
 PSYoungGen      total 1254400K, used 159102K [0x000000076ab00000, 0x00000007bf300000, 0x00000007c0000000)
  eden space 1140736K, 13% used [0x000000076ab00000,0x000000077465fad8,0x00000007b0500000)
  from space 113664K, 0% used [0x00000007b8400000,0x00000007b8400000,0x00000007bf300000)
  to   space 121856K, 0% used [0x00000007b0500000,0x00000007b0500000,0x00000007b7c00000)
 ParOldGen       total 2796544K, used 2796083K [0x00000006c0000000, 0x000000076ab00000, 0x000000076ab00000)
  object space 2796544K, 99% used [0x00000006c0000000,0x000000076aa8cf90,0x000000076ab00000)
 Metaspace       used 280253K, capacity 289644K, committed 289760K, reserved 1316864K
  class space    used 21311K, capacity 23035K, committed 23040K, reserved 1048576K
}
Event: 1054.471 GC heap before
{Heap before GC invocations=229 (full 35):
 PSYoungGen      total 1254400K, used 1140736K [0x000000076ab00000, 0x00000007bf300000, 0x00000007c0000000)
  eden space 1140736K, 100% used [0x000000076ab00000,0x00000007b0500000,0x00000007b0500000)
  from space 113664K, 0% used [0x00000007b8400000,0x00000007b8400000,0x00000007bf300000)
  to   space 121856K, 0% used [0x00000007b0500000,0x00000007b0500000,0x00000007b7c00000)
 ParOldGen       total 2796544K, used 2796083K [0x00000006c0000000, 0x000000076ab00000, 0x000000076ab00000)
  object space 2796544K, 99% used [0x00000006c0000000,0x000000076aa8cf90,0x000000076ab00000)
 Metaspace       used 280318K, capacity 289708K, committed 289760K, reserved 1316864K
  class space    used 21314K, capacity 23035K, committed 23040K, reserved 1048576K
Event: 1058.666 GC heap after
Heap after GC invocations=229 (full 35):
 PSYoungGen      total 1254400K, used 159239K [0x000000076ab00000, 0x00000007bf300000, 0x00000007c0000000)
  eden space 1140736K, 13% used [0x000000076ab00000,0x0000000774681e30,0x00000007b0500000)
  from space 113664K, 0% used [0x00000007b8400000,0x00000007b8400000,0x00000007bf300000)
  to   space 121856K, 0% used [0x00000007b0500000,0x00000007b0500000,0x00000007b7c00000)
 ParOldGen       total 2796544K, used 2796083K [0x00000006c0000000, 0x000000076ab00000, 0x000000076ab00000)
  object space 2796544K, 99% used [0x00000006c0000000,0x000000076aa8ceb0,0x000000076ab00000)
 Metaspace       used 280318K, capacity 289708K, committed 289760K, reserved 1316864K
  class space    used 21314K, capacity 23035K, committed 23040K, reserved 1048576K
}
Event: 1102.972 GC heap before
{Heap before GC invocations=230 (full 36):
 PSYoungGen      total 1254400K, used 1140736K [0x000000076ab00000, 0x00000007bf300000, 0x00000007c0000000)
  eden space 1140736K, 100% used [0x000000076ab00000,0x00000007b0500000,0x00000007b0500000)
  from space 113664K, 0% used [0x00000007b8400000,0x00000007b8400000,0x00000007bf300000)
  to   space 121856K, 0% used [0x00000007b0500000,0x00000007b0500000,0x00000007b7c00000)
 ParOldGen       total 2796544K, used 2796083K [0x00000006c0000000, 0x000000076ab00000, 0x000000076ab00000)
  object space 2796544K, 99% used [0x00000006c0000000,0x000000076aa8ceb0,0x000000076ab00000)
 Metaspace       used 280426K, capacity 289848K, committed 290016K, reserved 1316864K
  class space    used 21320K, capacity 23037K, committed 23040K, reserved 1048576K
Event: 1106.142 GC heap after
Heap after GC invocations=230 (full 36):
 PSYoungGen      total 1254400K, used 160105K [0x000000076ab00000, 0x00000007bf300000, 0x00000007c0000000)
  eden space 1140736K, 14% used [0x000000076ab00000,0x000000077475a7a8,0x00000007b0500000)
  from space 113664K, 0% used [0x00000007b8400000,0x00000007b8400000,0x00000007bf300000)
  to   space 121856K, 0% used [0x00000007b0500000,0x00000007b0500000,0x00000007b7c00000)
 ParOldGen       total 2796544K, used 2796070K [0x00000006c0000000, 0x000000076ab00000, 0x000000076ab00000)
  object space 2796544K, 99% used [0x00000006c0000000,0x000000076aa89ae0,0x000000076ab00000)
 Metaspace       used 280424K, capacity 289842K, committed 290016K, reserved 1316864K
  class space    used 21319K, capacity 23036K, committed 23040K, reserved 1048576K
}
Event: 1156.946 GC heap before
{Heap before GC invocations=231 (full 37):
 PSYoungGen      total 1254400K, used 1140736K [0x000000076ab00000, 0x00000007bf300000, 0x00000007c0000000)
  eden space 1140736K, 100% used [0x000000076ab00000,0x00000007b0500000,0x00000007b0500000)
  from space 113664K, 0% used [0x00000007b8400000,0x00000007b8400000,0x00000007bf300000)
  to   space 121856K, 0% used [0x00000007b0500000,0x00000007b0500000,0x00000007b7c00000)
 ParOldGen       total 2796544K, used 2796070K [0x00000006c0000000, 0x000000076ab00000, 0x000000076ab00000)
  object space 2796544K, 99% used [0x00000006c0000000,0x000000076aa89ae0,0x000000076ab00000)
 Metaspace       used 280438K, capacity 289862K, committed 290144K, reserved 1316864K
  class space    used 21324K, capacity 23044K, committed 23168K, reserved 1048576K
Event: 1159.949 GC heap after
Heap after GC invocations=231 (full 37):
 PSYoungGen      total 1254400K, used 160036K [0x000000076ab00000, 0x00000007bf300000, 0x00000007c0000000)
  eden space 1140736K, 14% used [0x000000076ab00000,0x0000000774749178,0x00000007b0500000)
  from space 113664K, 0% used [0x00000007b8400000,0x00000007b8400000,0x00000007bf300000)
  to   space 121856K, 0% used [0x00000007b0500000,0x00000007b0500000,0x00000007b7c00000)
 ParOldGen       total 2796544K, used 2796061K [0x00000006c0000000, 0x000000076ab00000, 0x000000076ab00000)
  object space 2796544K, 99% used [0x00000006c0000000,0x000000076aa87560,0x000000076ab00000)
 Metaspace       used 280438K, capacity 289862K, committed 290144K, reserved 1316864K
  class space    used 21324K, capacity 23044K, committed 23168K, reserved 1048576K
}

