# JRE version: OpenJDK Runtime Environment (Zulu 8.60.0.21-CA-macos-aarch64) (8.0_322-b06) (build 1.8.0_322-b06)
# Java VM: OpenJDK 64-Bit Server VM (25.322-b06 mixed mode bsd-aarch64 compressed oops)
Heap:
 PSYoungGen      total 1063424K, used 566599K [0x000000076ab00000, 0x00000007bef80000, 0x00000007c0000000)
  eden space 755712K, 74% used [0x000000076ab00000,0x000000078d451e28,0x0000000798d00000)
  from space 307712K, 0% used [0x00000007ab580000,0x00000007ab580000,0x00000007be200000)
  to   space 303616K, 0% used [0x0000000798d00000,0x0000000798d00000,0x00000007ab580000)
 ParOldGen       total 2796544K, used 2796488K [0x00000006c0000000, 0x000000076ab00000, 0x000000076ab00000)
  object space 2796544K, 99% used [0x00000006c0000000,0x000000076aaf20e8,0x000000076ab00000)
 Metaspace       used 273884K, capacity 279036K, committed 290912K, reserved 1316864K
  class space    used 20285K, capacity 21137K, committed 23168K, reserved 1048576K
GC Heap History (10 events):
Event: 3389.085 GC heap before
{Heap before GC invocations=303 (full 81):
 PSYoungGen      total 1063424K, used 755712K [0x000000076ab00000, 0x00000007bef80000, 0x00000007c0000000)
  eden space 755712K, 100% used [0x000000076ab00000,0x0000000798d00000,0x0000000798d00000)
  from space 307712K, 0% used [0x00000007ab580000,0x00000007ab580000,0x00000007be200000)
  to   space 303616K, 0% used [0x0000000798d00000,0x0000000798d00000,0x00000007ab580000)
 ParOldGen       total 2796544K, used 2796506K [0x00000006c0000000, 0x000000076ab00000, 0x000000076ab00000)
  object space 2796544K, 99% used [0x00000006c0000000,0x000000076aaf6a80,0x000000076ab00000)
 Metaspace       used 273706K, capacity 278806K, committed 290656K, reserved 1316864K
  class space    used 20274K, capacity 21126K, committed 23168K, reserved 1048576K
Event: 3390.750 GC heap after
Heap after GC invocations=303 (full 81):
 PSYoungGen      total 1063424K, used 53969K [0x000000076ab00000, 0x00000007bef80000, 0x00000007c0000000)
  eden space 755712K, 7% used [0x000000076ab00000,0x000000076dfb46f0,0x0000000798d00000)
  from space 307712K, 0% used [0x00000007ab580000,0x00000007ab580000,0x00000007be200000)
  to   space 303616K, 0% used [0x0000000798d00000,0x0000000798d00000,0x00000007ab580000)
 ParOldGen       total 2796544K, used 2796506K [0x00000006c0000000, 0x000000076ab00000, 0x000000076ab00000)
  object space 2796544K, 99% used [0x00000006c0000000,0x000000076aaf6a80,0x000000076ab00000)
 Metaspace       used 273706K, capacity 278806K, committed 290656K, reserved 1316864K
  class space    used 20274K, capacity 21126K, committed 23168K, reserved 1048576K
}
Event: 3425.697 GC heap before
{Heap before GC invocations=304 (full 82):
 PSYoungGen      total 1063424K, used 755712K [0x000000076ab00000, 0x00000007bef80000, 0x00000007c0000000)
  eden space 755712K, 100% used [0x000000076ab00000,0x0000000798d00000,0x0000000798d00000)
  from space 307712K, 0% used [0x00000007ab580000,0x00000007ab580000,0x00000007be200000)
  to   space 303616K, 0% used [0x0000000798d00000,0x0000000798d00000,0x00000007ab580000)
 ParOldGen       total 2796544K, used 2796506K [0x00000006c0000000, 0x000000076ab00000, 0x000000076ab00000)
  object space 2796544K, 99% used [0x00000006c0000000,0x000000076aaf6a80,0x000000076ab00000)
 Metaspace       used 273769K, capacity 278876K, committed 290912K, reserved 1316864K
  class space    used 20276K, capacity 21129K, committed 23168K, reserved 1048576K
Event: 3428.748 GC heap after
Heap after GC invocations=304 (full 82):
 PSYoungGen      total 1063424K, used 54931K [0x000000076ab00000, 0x00000007bef80000, 0x00000007c0000000)
  eden space 755712K, 7% used [0x000000076ab00000,0x000000076e0a4f08,0x0000000798d00000)
  from space 307712K, 0% used [0x00000007ab580000,0x00000007ab580000,0x00000007be200000)
  to   space 303616K, 0% used [0x0000000798d00000,0x0000000798d00000,0x00000007ab580000)
 ParOldGen       total 2796544K, used 2796495K [0x00000006c0000000, 0x000000076ab00000, 0x000000076ab00000)
  object space 2796544K, 99% used [0x00000006c0000000,0x000000076aaf3d10,0x000000076ab00000)
 Metaspace       used 273769K, capacity 278876K, committed 290912K, reserved 1316864K
  class space    used 20276K, capacity 21129K, committed 23168K, reserved 1048576K
}
Event: 3485.770 GC heap before
{Heap before GC invocations=305 (full 83):
 PSYoungGen      total 1063424K, used 755712K [0x000000076ab00000, 0x00000007bef80000, 0x00000007c0000000)
  eden space 755712K, 100% used [0x000000076ab00000,0x0000000798d00000,0x0000000798d00000)
  from space 307712K, 0% used [0x00000007ab580000,0x00000007ab580000,0x00000007be200000)
  to   space 303616K, 0% used [0x0000000798d00000,0x0000000798d00000,0x00000007ab580000)
 ParOldGen       total 2796544K, used 2796495K [0x00000006c0000000, 0x000000076ab00000, 0x000000076ab00000)
  object space 2796544K, 99% used [0x00000006c0000000,0x000000076aaf3d10,0x000000076ab00000)
 Metaspace       used 273784K, capacity 278908K, committed 290912K, reserved 1316864K
  class space    used 20281K, capacity 21137K, committed 23168K, reserved 1048576K
Event: 3492.059 GC heap after
Heap after GC invocations=305 (full 83):
 PSYoungGen      total 1063424K, used 54355K [0x000000076ab00000, 0x00000007bef80000, 0x00000007c0000000)
  eden space 755712K, 7% used [0x000000076ab00000,0x000000076e014c88,0x0000000798d00000)
  from space 307712K, 0% used [0x00000007ab580000,0x00000007ab580000,0x00000007be200000)
  to   space 303616K, 0% used [0x0000000798d00000,0x0000000798d00000,0x00000007ab580000)
 ParOldGen       total 2796544K, used 2796488K [0x00000006c0000000, 0x000000076ab00000, 0x000000076ab00000)
  object space 2796544K, 99% used [0x00000006c0000000,0x000000076aaf20e8,0x000000076ab00000)
 Metaspace       used 273784K, capacity 278908K, committed 290912K, reserved 1316864K
  class space    used 20281K, capacity 21137K, committed 23168K, reserved 1048576K
}
Event: 3557.592 GC heap before
{Heap before GC invocations=306 (full 84):
 PSYoungGen      total 1063424K, used 755712K [0x000000076ab00000, 0x00000007bef80000, 0x00000007c0000000)
  eden space 755712K, 100% used [0x000000076ab00000,0x0000000798d00000,0x0000000798d00000)
  from space 307712K, 0% used [0x00000007ab580000,0x00000007ab580000,0x00000007be200000)
  to   space 303616K, 0% used [0x0000000798d00000,0x0000000798d00000,0x00000007ab580000)
 ParOldGen       total 2796544K, used 2796488K [0x00000006c0000000, 0x000000076ab00000, 0x000000076ab00000)
  object space 2796544K, 99% used [0x00000006c0000000,0x000000076aaf20e8,0x000000076ab00000)
 Metaspace       used 273784K, capacity 278908K, committed 290912K, reserved 1316864K
  class space    used 20281K, capacity 21137K, committed 23168K, reserved 1048576K
Event: 3559.916 GC heap after
Heap after GC invocations=306 (full 84):
 PSYoungGen      total 1063424K, used 54158K [0x000000076ab00000, 0x00000007bef80000, 0x00000007c0000000)
  eden space 755712K, 7% used [0x000000076ab00000,0x000000076dfe3ab0,0x0000000798d00000)
  from space 307712K, 0% used [0x00000007ab580000,0x00000007ab580000,0x00000007be200000)
  to   space 303616K, 0% used [0x0000000798d00000,0x0000000798d00000,0x00000007ab580000)
 ParOldGen       total 2796544K, used 2796488K [0x00000006c0000000, 0x000000076ab00000, 0x000000076ab00000)
  object space 2796544K, 99% used [0x00000006c0000000,0x000000076aaf20e8,0x000000076ab00000)
 Metaspace       used 273784K, capacity 278908K, committed 290912K, reserved 1316864K
  class space    used 20281K, capacity 21137K, committed 23168K, reserved 1048576K
}
Event: 3625.987 GC heap before
{Heap before GC invocations=307 (full 85):
 PSYoungGen      total 1063424K, used 755712K [0x000000076ab00000, 0x00000007bef80000, 0x00000007c0000000)
  eden space 755712K, 100% used [0x000000076ab00000,0x0000000798d00000,0x0000000798d00000)
  from space 307712K, 0% used [0x00000007ab580000,0x00000007ab580000,0x00000007be200000)
  to   space 303616K, 0% used [0x0000000798d00000,0x0000000798d00000,0x00000007ab580000)
 ParOldGen       total 2796544K, used 2796488K [0x00000006c0000000, 0x000000076ab00000, 0x000000076ab00000)
  object space 2796544K, 99% used [0x00000006c0000000,0x000000076aaf20e8,0x000000076ab00000)
 Metaspace       used 273861K, capacity 279036K, committed 290912K, reserved 1316864K
  class space    used 20281K, capacity 21137K, committed 23168K, reserved 1048576K
Event: 3627.555 GC heap after
Heap after GC invocations=307 (full 85):
 PSYoungGen      total 1063424K, used 54079K [0x000000076ab00000, 0x00000007bef80000, 0x00000007c0000000)
  eden space 755712K, 7% used [0x000000076ab00000,0x000000076dfcfc00,0x0000000798d00000)
  from space 307712K, 0% used [0x00000007ab580000,0x00000007ab580000,0x00000007be200000)
  to   space 303616K, 0% used [0x0000000798d00000,0x0000000798d00000,0x00000007ab580000)
 ParOldGen       total 2796544K, used 2796488K [0x00000006c0000000, 0x000000076ab00000, 0x000000076ab00000)
  object space 2796544K, 99% used [0x00000006c0000000,0x000000076aaf20e8,0x000000076ab00000)
 Metaspace       used 273861K, capacity 279036K, committed 290912K, reserved 1316864K
  class space    used 20281K, capacity 21137K, committed 23168K, reserved 1048576K
}

