# JRE version: OpenJDK Runtime Environment (Zulu 8.60.0.21-CA-macos-aarch64) (8.0_322-b06) (build 1.8.0_322-b06)
# Java VM: OpenJDK 64-Bit Server VM (25.322-b06 mixed mode bsd-aarch64 compressed oops)
Heap:
 PSYoungGen      total 1119232K, used 520486K [0x000000076ab00000, 0x00000007be480000, 0x00000007c0000000)
  eden space 899584K, 57% used [0x000000076ab00000,0x000000078a749b18,0x00000007a1980000)
  from space 219648K, 0% used [0x00000007b0e00000,0x00000007b0e00000,0x00000007be480000)
  to   space 235008K, 0% used [0x00000007a1980000,0x00000007a1980000,0x00000007aff00000)
 ParOldGen       total 2796544K, used 2796372K [0x00000006c0000000, 0x000000076ab00000, 0x000000076ab00000)
  object space 2796544K, 99% used [0x00000006c0000000,0x000000076aad53f8,0x000000076ab00000)
 Metaspace       used 276728K, capacity 282810K, committed 294272K, reserved 1320960K
  class space    used 20526K, capacity 21480K, committed 23424K, reserved 1048576K
GC Heap History (10 events):
Event: 2402.733 GC heap before
{Heap before GC invocations=297 (full 85):
 PSYoungGen      total 1119232K, used 899584K [0x000000076ab00000, 0x00000007be480000, 0x00000007c0000000)
  eden space 899584K, 100% used [0x000000076ab00000,0x00000007a1980000,0x00000007a1980000)
  from space 219648K, 0% used [0x00000007b0e00000,0x00000007b0e00000,0x00000007be480000)
  to   space 235008K, 0% used [0x00000007a1980000,0x00000007a1980000,0x00000007aff00000)
 ParOldGen       total 2796544K, used 2796373K [0x00000006c0000000, 0x000000076ab00000, 0x000000076ab00000)
  object space 2796544K, 99% used [0x00000006c0000000,0x000000076aad56a8,0x000000076ab00000)
 Metaspace       used 276693K, capacity 282792K, committed 294272K, reserved 1320960K
  class space    used 20517K, capacity 21471K, committed 23424K, reserved 1048576K
Event: 2405.832 GC heap after
Heap after GC invocations=297 (full 85):
 PSYoungGen      total 1119232K, used 95292K [0x000000076ab00000, 0x00000007be480000, 0x00000007c0000000)
  eden space 899584K, 10% used [0x000000076ab00000,0x000000077080f3b8,0x00000007a1980000)
  from space 219648K, 0% used [0x00000007b0e00000,0x00000007b0e00000,0x00000007be480000)
  to   space 235008K, 0% used [0x00000007a1980000,0x00000007a1980000,0x00000007aff00000)
 ParOldGen       total 2796544K, used 2796373K [0x00000006c0000000, 0x000000076ab00000, 0x000000076ab00000)
  object space 2796544K, 99% used [0x00000006c0000000,0x000000076aad55e0,0x000000076ab00000)
 Metaspace       used 276693K, capacity 282792K, committed 294272K, reserved 1320960K
  class space    used 20517K, capacity 21471K, committed 23424K, reserved 1048576K
}
Event: 2424.930 GC heap before
{Heap before GC invocations=298 (full 86):
 PSYoungGen      total 1119232K, used 899584K [0x000000076ab00000, 0x00000007be480000, 0x00000007c0000000)
  eden space 899584K, 100% used [0x000000076ab00000,0x00000007a1980000,0x00000007a1980000)
  from space 219648K, 0% used [0x00000007b0e00000,0x00000007b0e00000,0x00000007be480000)
  to   space 235008K, 0% used [0x00000007a1980000,0x00000007a1980000,0x00000007aff00000)
 ParOldGen       total 2796544K, used 2796373K [0x00000006c0000000, 0x000000076ab00000, 0x000000076ab00000)
  object space 2796544K, 99% used [0x00000006c0000000,0x000000076aad55e0,0x000000076ab00000)
 Metaspace       used 276701K, capacity 282798K, committed 294272K, reserved 1320960K
  class space    used 20521K, capacity 21474K, committed 23424K, reserved 1048576K
Event: 2427.100 GC heap after
Heap after GC invocations=298 (full 86):
 PSYoungGen      total 1119232K, used 95833K [0x000000076ab00000, 0x00000007be480000, 0x00000007c0000000)
  eden space 899584K, 10% used [0x000000076ab00000,0x0000000770896508,0x00000007a1980000)
  from space 219648K, 0% used [0x00000007b0e00000,0x00000007b0e00000,0x00000007be480000)
  to   space 235008K, 0% used [0x00000007a1980000,0x00000007a1980000,0x00000007aff00000)
 ParOldGen       total 2796544K, used 2796373K [0x00000006c0000000, 0x000000076ab00000, 0x000000076ab00000)
  object space 2796544K, 99% used [0x00000006c0000000,0x000000076aad5448,0x000000076ab00000)
 Metaspace       used 276701K, capacity 282798K, committed 294272K, reserved 1320960K
  class space    used 20521K, capacity 21474K, committed 23424K, reserved 1048576K
}
Event: 2466.421 GC heap before
{Heap before GC invocations=299 (full 87):
 PSYoungGen      total 1119232K, used 899584K [0x000000076ab00000, 0x00000007be480000, 0x00000007c0000000)
  eden space 899584K, 100% used [0x000000076ab00000,0x00000007a1980000,0x00000007a1980000)
  from space 219648K, 0% used [0x00000007b0e00000,0x00000007b0e00000,0x00000007be480000)
  to   space 235008K, 0% used [0x00000007a1980000,0x00000007a1980000,0x00000007aff00000)
 ParOldGen       total 2796544K, used 2796373K [0x00000006c0000000, 0x000000076ab00000, 0x000000076ab00000)
  object space 2796544K, 99% used [0x00000006c0000000,0x000000076aad5448,0x000000076ab00000)
 Metaspace       used 276724K, capacity 282804K, committed 294272K, reserved 1320960K
  class space    used 20524K, capacity 21477K, committed 23424K, reserved 1048576K
Event: 2467.882 GC heap after
Heap after GC invocations=299 (full 87):
 PSYoungGen      total 1119232K, used 95762K [0x000000076ab00000, 0x00000007be480000, 0x00000007c0000000)
  eden space 899584K, 10% used [0x000000076ab00000,0x0000000770884b30,0x00000007a1980000)
  from space 219648K, 0% used [0x00000007b0e00000,0x00000007b0e00000,0x00000007be480000)
  to   space 235008K, 0% used [0x00000007a1980000,0x00000007a1980000,0x00000007aff00000)
 ParOldGen       total 2796544K, used 2796373K [0x00000006c0000000, 0x000000076ab00000, 0x000000076ab00000)
  object space 2796544K, 99% used [0x00000006c0000000,0x000000076aad5448,0x000000076ab00000)
 Metaspace       used 276724K, capacity 282804K, committed 294272K, reserved 1320960K
  class space    used 20524K, capacity 21477K, committed 23424K, reserved 1048576K
}
Event: 2496.618 GC heap before
{Heap before GC invocations=300 (full 88):
 PSYoungGen      total 1119232K, used 899584K [0x000000076ab00000, 0x00000007be480000, 0x00000007c0000000)
  eden space 899584K, 100% used [0x000000076ab00000,0x00000007a1980000,0x00000007a1980000)
  from space 219648K, 0% used [0x00000007b0e00000,0x00000007b0e00000,0x00000007be480000)
  to   space 235008K, 0% used [0x00000007a1980000,0x00000007a1980000,0x00000007aff00000)
 ParOldGen       total 2796544K, used 2796373K [0x00000006c0000000, 0x000000076ab00000, 0x000000076ab00000)
  object space 2796544K, 99% used [0x00000006c0000000,0x000000076aad5448,0x000000076ab00000)
 Metaspace       used 276728K, capacity 282810K, committed 294272K, reserved 1320960K
  class space    used 20526K, capacity 21480K, committed 23424K, reserved 1048576K
Event: 2499.082 GC heap after
Heap after GC invocations=300 (full 88):
 PSYoungGen      total 1119232K, used 95717K [0x000000076ab00000, 0x00000007be480000, 0x00000007c0000000)
  eden space 899584K, 10% used [0x000000076ab00000,0x0000000770879440,0x00000007a1980000)
  from space 219648K, 0% used [0x00000007b0e00000,0x00000007b0e00000,0x00000007be480000)
  to   space 235008K, 0% used [0x00000007a1980000,0x00000007a1980000,0x00000007aff00000)
 ParOldGen       total 2796544K, used 2796372K [0x00000006c0000000, 0x000000076ab00000, 0x000000076ab00000)
  object space 2796544K, 99% used [0x00000006c0000000,0x000000076aad53f8,0x000000076ab00000)
 Metaspace       used 276728K, capacity 282810K, committed 294272K, reserved 1320960K
  class space    used 20526K, capacity 21480K, committed 23424K, reserved 1048576K
}
Event: 2521.210 GC heap before
{Heap before GC invocations=301 (full 89):
 PSYoungGen      total 1119232K, used 899583K [0x000000076ab00000, 0x00000007be480000, 0x00000007c0000000)
  eden space 899584K, 99% used [0x000000076ab00000,0x00000007a197fce8,0x00000007a1980000)
  from space 219648K, 0% used [0x00000007b0e00000,0x00000007b0e00000,0x00000007be480000)
  to   space 235008K, 0% used [0x00000007a1980000,0x00000007a1980000,0x00000007aff00000)
 ParOldGen       total 2796544K, used 2796372K [0x00000006c0000000, 0x000000076ab00000, 0x000000076ab00000)
  object space 2796544K, 99% used [0x00000006c0000000,0x000000076aad53f8,0x000000076ab00000)
 Metaspace       used 276728K, capacity 282810K, committed 294272K, reserved 1320960K
  class space    used 20526K, capacity 21480K, committed 23424K, reserved 1048576K
Event: 2522.286 GC heap after
Heap after GC invocations=301 (full 89):
 PSYoungGen      total 1119232K, used 95723K [0x000000076ab00000, 0x00000007be480000, 0x00000007c0000000)
  eden space 899584K, 10% used [0x000000076ab00000,0x000000077087af18,0x00000007a1980000)
  from space 219648K, 0% used [0x00000007b0e00000,0x00000007b0e00000,0x00000007be480000)
  to   space 235008K, 0% used [0x00000007a1980000,0x00000007a1980000,0x00000007aff00000)
 ParOldGen       total 2796544K, used 2796372K [0x00000006c0000000, 0x000000076ab00000, 0x000000076ab00000)
  object space 2796544K, 99% used [0x00000006c0000000,0x000000076aad53f8,0x000000076ab00000)
 Metaspace       used 276728K, capacity 282810K, committed 294272K, reserved 1320960K
  class space    used 20526K, capacity 21480K, committed 23424K, reserved 1048576K
}

