# JRE version: OpenJDK Runtime Environment (Zulu 8.60.0.21-CA-macos-aarch64) (8.0_322-b06) (build 1.8.0_322-b06)
# Java VM: OpenJDK 64-Bit Server VM (25.322-b06 mixed mode bsd-aarch64 compressed oops)
Heap:
 PSYoungGen      total 1091072K, used 895174K [0x000000076ab00000, 0x00000007c0000000, 0x00000007c0000000)
  eden space 806400K, 92% used [0x000000076ab00000,0x0000000798515f70,0x000000079be80000)
  from space 284672K, 51% used [0x00000007ac900000,0x00000007b591ba98,0x00000007bdf00000)
  to   space 272896K, 0% used [0x000000079be80000,0x000000079be80000,0x00000007ac900000)
 ParOldGen       total 1761280K, used 1298421K [0x00000006c0000000, 0x000000072b800000, 0x000000076ab00000)
  object space 1761280K, 73% used [0x00000006c0000000,0x000000070f3fd538,0x000000072b800000)
 Metaspace       used 262940K, capacity 271956K, committed 272128K, reserved 1300480K
  class space    used 20338K, capacity 21973K, committed 22016K, reserved 1048576K
GC Heap History (10 events):
Event: 115.567 GC heap before
{Heap before GC invocations=104 (full 8):
 PSYoungGen      total 1083392K, used 876275K [0x000000076ab00000, 0x00000007c0000000, 0x00000007c0000000)
  eden space 769024K, 100% used [0x000000076ab00000,0x0000000799a00000,0x0000000799a00000)
  from space 314368K, 34% used [0x0000000799a00000,0x00000007a02bcee0,0x00000007acd00000)
  to   space 313344K, 0% used [0x00000007ace00000,0x00000007ace00000,0x00000007c0000000)
 ParOldGen       total 1761280K, used 1269094K [0x00000006c0000000, 0x000000072b800000, 0x000000076ab00000)
  object space 1761280K, 72% used [0x00000006c0000000,0x000000070d759bb0,0x000000072b800000)
 Metaspace       used 258675K, capacity 267416K, committed 267776K, reserved 1296384K
  class space    used 19799K, capacity 21390K, committed 21504K, reserved 1048576K
Event: 115.594 GC heap after
Heap after GC invocations=104 (full 8):
 PSYoungGen      total 1080320K, used 93639K [0x000000076ab00000, 0x00000007bfd00000, 0x00000007c0000000)
  eden space 770048K, 0% used [0x000000076ab00000,0x000000076ab00000,0x0000000799b00000)
  from space 310272K, 30% used [0x00000007ace00000,0x00000007b2971c60,0x00000007bfd00000)
  to   space 312320K, 0% used [0x0000000799b00000,0x0000000799b00000,0x00000007acc00000)
 ParOldGen       total 1761280K, used 1286092K [0x00000006c0000000, 0x000000072b800000, 0x000000076ab00000)
  object space 1761280K, 73% used [0x00000006c0000000,0x000000070e7f3188,0x000000072b800000)
 Metaspace       used 258675K, capacity 267416K, committed 267776K, reserved 1296384K
  class space    used 19799K, capacity 21390K, committed 21504K, reserved 1048576K
}
Event: 116.574 GC heap before
{Heap before GC invocations=105 (full 8):
 PSYoungGen      total 1080320K, used 863687K [0x000000076ab00000, 0x00000007bfd00000, 0x00000007c0000000)
  eden space 770048K, 100% used [0x000000076ab00000,0x0000000799b00000,0x0000000799b00000)
  from space 310272K, 30% used [0x00000007ace00000,0x00000007b2971c60,0x00000007bfd00000)
  to   space 312320K, 0% used [0x0000000799b00000,0x0000000799b00000,0x00000007acc00000)
 ParOldGen       total 1761280K, used 1286092K [0x00000006c0000000, 0x000000072b800000, 0x000000076ab00000)
  object space 1761280K, 73% used [0x00000006c0000000,0x000000070e7f3188,0x000000072b800000)
 Metaspace       used 259840K, capacity 268810K, committed 268928K, reserved 1296384K
  class space    used 19948K, capacity 21598K, committed 21632K, reserved 1048576K
Event: 116.597 GC heap after
Heap after GC invocations=105 (full 8):
 PSYoungGen      total 879616K, used 109291K [0x000000076ab00000, 0x00000007bf700000, 0x00000007c0000000)
  eden space 770048K, 0% used [0x000000076ab00000,0x000000076ab00000,0x0000000799b00000)
  from space 109568K, 99% used [0x0000000799b00000,0x00000007a05bae60,0x00000007a0600000)
  to   space 306688K, 0% used [0x00000007acb80000,0x00000007acb80000,0x00000007bf700000)
 ParOldGen       total 1761280K, used 1290156K [0x00000006c0000000, 0x000000072b800000, 0x000000076ab00000)
  object space 1761280K, 73% used [0x00000006c0000000,0x000000070ebeb2b8,0x000000072b800000)
 Metaspace       used 259840K, capacity 268810K, committed 268928K, reserved 1296384K
  class space    used 19948K, capacity 21598K, committed 21632K, reserved 1048576K
}
Event: 117.358 GC heap before
{Heap before GC invocations=106 (full 8):
 PSYoungGen      total 879616K, used 879339K [0x000000076ab00000, 0x00000007bf700000, 0x00000007c0000000)
  eden space 770048K, 100% used [0x000000076ab00000,0x0000000799b00000,0x0000000799b00000)
  from space 109568K, 99% used [0x0000000799b00000,0x00000007a05bae60,0x00000007a0600000)
  to   space 306688K, 0% used [0x00000007acb80000,0x00000007acb80000,0x00000007bf700000)
 ParOldGen       total 1761280K, used 1290156K [0x00000006c0000000, 0x000000072b800000, 0x000000076ab00000)
  object space 1761280K, 73% used [0x00000006c0000000,0x000000070ebeb2b8,0x000000072b800000)
 Metaspace       used 262339K, capacity 271360K, committed 271616K, reserved 1298432K
  class space    used 20284K, capacity 21931K, committed 22016K, reserved 1048576K
Event: 117.384 GC heap after
Heap after GC invocations=106 (full 8):
 PSYoungGen      total 1092096K, used 133700K [0x000000076ab00000, 0x00000007c0000000, 0x00000007c0000000)
  eden space 785408K, 0% used [0x000000076ab00000,0x000000076ab00000,0x000000079aa00000)
  from space 306688K, 43% used [0x00000007acb80000,0x00000007b4e113e0,0x00000007bf700000)
  to   space 296448K, 0% used [0x000000079aa00000,0x000000079aa00000,0x00000007acb80000)
 ParOldGen       total 1761280K, used 1291036K [0x00000006c0000000, 0x000000072b800000, 0x000000076ab00000)
  object space 1761280K, 73% used [0x00000006c0000000,0x000000070ecc72d8,0x000000072b800000)
 Metaspace       used 262339K, capacity 271360K, committed 271616K, reserved 1298432K
  class space    used 20284K, capacity 21931K, committed 22016K, reserved 1048576K
}
Event: 118.083 GC heap before
{Heap before GC invocations=107 (full 8):
 PSYoungGen      total 1092096K, used 919108K [0x000000076ab00000, 0x00000007c0000000, 0x00000007c0000000)
  eden space 785408K, 100% used [0x000000076ab00000,0x000000079aa00000,0x000000079aa00000)
  from space 306688K, 43% used [0x00000007acb80000,0x00000007b4e113e0,0x00000007bf700000)
  to   space 296448K, 0% used [0x000000079aa00000,0x000000079aa00000,0x00000007acb80000)
 ParOldGen       total 1761280K, used 1291036K [0x00000006c0000000, 0x000000072b800000, 0x000000076ab00000)
  object space 1761280K, 73% used [0x00000006c0000000,0x000000070ecc72d8,0x000000072b800000)
 Metaspace       used 262709K, capacity 271724K, committed 271872K, reserved 1298432K
  class space    used 20316K, capacity 21965K, committed 22016K, reserved 1048576K
Event: 118.110 GC heap after
Heap after GC invocations=107 (full 8):
 PSYoungGen      total 928256K, used 142547K [0x000000076ab00000, 0x00000007bdf00000, 0x00000007c0000000)
  eden space 785408K, 0% used [0x000000076ab00000,0x000000076ab00000,0x000000079aa00000)
  from space 142848K, 99% used [0x000000079aa00000,0x00000007a3534d00,0x00000007a3580000)
  to   space 284672K, 0% used [0x00000007ac900000,0x00000007ac900000,0x00000007bdf00000)
 ParOldGen       total 1761280K, used 1291180K [0x00000006c0000000, 0x000000072b800000, 0x000000076ab00000)
  object space 1761280K, 73% used [0x00000006c0000000,0x000000070eceb2d8,0x000000072b800000)
 Metaspace       used 262709K, capacity 271724K, committed 271872K, reserved 1298432K
  class space    used 20316K, capacity 21965K, committed 22016K, reserved 1048576K
}
Event: 118.503 GC heap before
{Heap before GC invocations=108 (full 8):
 PSYoungGen      total 928256K, used 927955K [0x000000076ab00000, 0x00000007bdf00000, 0x00000007c0000000)
  eden space 785408K, 100% used [0x000000076ab00000,0x000000079aa00000,0x000000079aa00000)
  from space 142848K, 99% used [0x000000079aa00000,0x00000007a3534d00,0x00000007a3580000)
  to   space 284672K, 0% used [0x00000007ac900000,0x00000007ac900000,0x00000007bdf00000)
 ParOldGen       total 1761280K, used 1291180K [0x00000006c0000000, 0x000000072b800000, 0x000000076ab00000)
  object space 1761280K, 73% used [0x00000006c0000000,0x000000070eceb2d8,0x000000072b800000)
 Metaspace       used 262717K, capacity 271736K, committed 271872K, reserved 1298432K
  class space    used 20318K, capacity 21967K, committed 22016K, reserved 1048576K
Event: 118.534 GC heap after
Heap after GC invocations=108 (full 8):
 PSYoungGen      total 1091072K, used 147566K [0x000000076ab00000, 0x00000007c0000000, 0x00000007c0000000)
  eden space 806400K, 0% used [0x000000076ab00000,0x000000076ab00000,0x000000079be80000)
  from space 284672K, 51% used [0x00000007ac900000,0x00000007b591ba98,0x00000007bdf00000)
  to   space 272896K, 0% used [0x000000079be80000,0x000000079be80000,0x00000007ac900000)
 ParOldGen       total 1761280K, used 1298421K [0x00000006c0000000, 0x000000072b800000, 0x000000076ab00000)
  object space 1761280K, 73% used [0x00000006c0000000,0x000000070f3fd538,0x000000072b800000)
 Metaspace       used 262717K, capacity 271736K, committed 271872K, reserved 1298432K
  class space    used 20318K, capacity 21967K, committed 22016K, reserved 1048576K
}

