# JRE version: OpenJDK Runtime Environment (Zulu 8.60.0.21-CA-macos-aarch64) (8.0_322-b06) (build 1.8.0_322-b06)
# Java VM: OpenJDK 64-Bit Server VM (25.322-b06 mixed mode bsd-aarch64 compressed oops)
Heap:
 PSYoungGen      total 1112064K, used 550879K [0x000000076ab00000, 0x00000007c0000000, 0x00000007c0000000)
  eden space 829440K, 63% used [0x000000076ab00000,0x000000078accbb48,0x000000079d500000)
  from space 282624K, 8% used [0x00000007aec00000,0x00000007b042c3c8,0x00000007c0000000)
  to   space 284160K, 0% used [0x000000079d500000,0x000000079d500000,0x00000007aea80000)
 ParOldGen       total 2291200K, used 1817325K [0x00000006c0000000, 0x000000074bd80000, 0x000000076ab00000)
  object space 2291200K, 79% used [0x00000006c0000000,0x000000072eebb6c0,0x000000074bd80000)
 Metaspace       used 240753K, capacity 249340K, committed 249472K, reserved 1277952K
  class space    used 18789K, capacity 20347K, committed 20352K, reserved 1048576K
GC Heap History (10 events):
Event: 159.565 GC heap before
{Heap before GC invocations=133 (full 8):
 PSYoungGen      total 1109504K, used 923524K [0x000000076ab00000, 0x00000007bfb80000, 0x00000007c0000000)
  eden space 830976K, 100% used [0x000000076ab00000,0x000000079d680000,0x000000079d680000)
  from space 278528K, 33% used [0x00000007aeb80000,0x00000007b45e1278,0x00000007bfb80000)
  to   space 281088K, 0% used [0x000000079d680000,0x000000079d680000,0x00000007ae900000)
 ParOldGen       total 1846272K, used 1721925K [0x00000006c0000000, 0x0000000730b00000, 0x000000076ab00000)
  object space 1846272K, 93% used [0x00000006c0000000,0x0000000729191500,0x0000000730b00000)
 Metaspace       used 238534K, capacity 246946K, committed 247168K, reserved 1275904K
  class space    used 18552K, capacity 20079K, committed 20096K, reserved 1048576K
Event: 159.617 GC heap after
Heap after GC invocations=133 (full 8):
 PSYoungGen      total 1112064K, used 92160K [0x000000076ab00000, 0x00000007bfc80000, 0x00000007c0000000)
  eden space 830976K, 0% used [0x000000076ab00000,0x000000076ab00000,0x000000079d680000)
  from space 281088K, 32% used [0x000000079d680000,0x00000007a3080000,0x00000007ae900000)
  to   space 278016K, 0% used [0x00000007aed00000,0x00000007aed00000,0x00000007bfc80000)
 ParOldGen       total 1846272K, used 1742722K [0x00000006c0000000, 0x0000000730b00000, 0x000000076ab00000)
  object space 1846272K, 94% used [0x00000006c0000000,0x000000072a5e0830,0x0000000730b00000)
 Metaspace       used 238534K, capacity 246946K, committed 247168K, reserved 1275904K
  class space    used 18552K, capacity 20079K, committed 20096K, reserved 1048576K
}
Event: 160.225 GC heap before
{Heap before GC invocations=134 (full 8):
 PSYoungGen      total 1112064K, used 923136K [0x000000076ab00000, 0x00000007bfc80000, 0x00000007c0000000)
  eden space 830976K, 100% used [0x000000076ab00000,0x000000079d680000,0x000000079d680000)
  from space 281088K, 32% used [0x000000079d680000,0x00000007a3080000,0x00000007ae900000)
  to   space 278016K, 0% used [0x00000007aed00000,0x00000007aed00000,0x00000007bfc80000)
 ParOldGen       total 1846272K, used 1742722K [0x00000006c0000000, 0x0000000730b00000, 0x000000076ab00000)
  object space 1846272K, 94% used [0x00000006c0000000,0x000000072a5e0830,0x0000000730b00000)
 Metaspace       used 238546K, capacity 246946K, committed 247168K, reserved 1275904K
  class space    used 18553K, capacity 20079K, committed 20096K, reserved 1048576K
Event: 160.260 GC heap after
Heap after GC invocations=134 (full 8):
 PSYoungGen      total 1115648K, used 62146K [0x000000076ab00000, 0x00000007bfe00000, 0x00000007c0000000)
  eden space 837632K, 0% used [0x000000076ab00000,0x000000076ab00000,0x000000079dd00000)
  from space 278016K, 22% used [0x00000007aed00000,0x00000007b29b0b38,0x00000007bfc80000)
  to   space 278528K, 0% used [0x000000079dd00000,0x000000079dd00000,0x00000007aed00000)
 ParOldGen       total 1846272K, used 1777908K [0x00000006c0000000, 0x0000000730b00000, 0x000000076ab00000)
  object space 1846272K, 96% used [0x00000006c0000000,0x000000072c83d040,0x0000000730b00000)
 Metaspace       used 238546K, capacity 246946K, committed 247168K, reserved 1275904K
  class space    used 18553K, capacity 20079K, committed 20096K, reserved 1048576K
}
Event: 160.910 GC heap before
{Heap before GC invocations=135 (full 8):
 PSYoungGen      total 1115648K, used 899778K [0x000000076ab00000, 0x00000007bfe00000, 0x00000007c0000000)
  eden space 837632K, 100% used [0x000000076ab00000,0x000000079dd00000,0x000000079dd00000)
  from space 278016K, 22% used [0x00000007aed00000,0x00000007b29b0b38,0x00000007bfc80000)
  to   space 278528K, 0% used [0x000000079dd00000,0x000000079dd00000,0x00000007aed00000)
 ParOldGen       total 1846272K, used 1777908K [0x00000006c0000000, 0x0000000730b00000, 0x000000076ab00000)
  object space 1846272K, 96% used [0x00000006c0000000,0x000000072c83d040,0x0000000730b00000)
 Metaspace       used 238604K, capacity 247010K, committed 247168K, reserved 1275904K
  class space    used 18553K, capacity 20079K, committed 20096K, reserved 1048576K
Event: 160.946 GC heap after
Heap after GC invocations=135 (full 8):
 PSYoungGen      total 864256K, used 26535K [0x000000076ab00000, 0x00000007c0000000, 0x00000007c0000000)
  eden space 837632K, 0% used [0x000000076ab00000,0x000000076ab00000,0x000000079dd00000)
  from space 26624K, 99% used [0x000000079dd00000,0x000000079f6e9db0,0x000000079f700000)
  to   space 282624K, 0% used [0x00000007aec00000,0x00000007aec00000,0x00000007c0000000)
 ParOldGen       total 1846272K, used 1814491K [0x00000006c0000000, 0x0000000730b00000, 0x000000076ab00000)
  object space 1846272K, 98% used [0x00000006c0000000,0x000000072ebf6ee0,0x0000000730b00000)
 Metaspace       used 238604K, capacity 247010K, committed 247168K, reserved 1275904K
  class space    used 18553K, capacity 20079K, committed 20096K, reserved 1048576K
}
Event: 160.946 GC heap before
{Heap before GC invocations=136 (full 9):
 PSYoungGen      total 864256K, used 26535K [0x000000076ab00000, 0x00000007c0000000, 0x00000007c0000000)
  eden space 837632K, 0% used [0x000000076ab00000,0x000000076ab00000,0x000000079dd00000)
  from space 26624K, 99% used [0x000000079dd00000,0x000000079f6e9db0,0x000000079f700000)
  to   space 282624K, 0% used [0x00000007aec00000,0x00000007aec00000,0x00000007c0000000)
 ParOldGen       total 1846272K, used 1814491K [0x00000006c0000000, 0x0000000730b00000, 0x000000076ab00000)
  object space 1846272K, 98% used [0x00000006c0000000,0x000000072ebf6ee0,0x0000000730b00000)
 Metaspace       used 238604K, capacity 247010K, committed 247168K, reserved 1275904K
  class space    used 18553K, capacity 20079K, committed 20096K, reserved 1048576K
Event: 162.173 GC heap after
Heap after GC invocations=136 (full 9):
 PSYoungGen      total 864256K, used 0K [0x000000076ab00000, 0x00000007c0000000, 0x00000007c0000000)
  eden space 837632K, 0% used [0x000000076ab00000,0x000000076ab00000,0x000000079dd00000)
  from space 26624K, 0% used [0x000000079dd00000,0x000000079dd00000,0x000000079f700000)
  to   space 282624K, 0% used [0x00000007aec00000,0x00000007aec00000,0x00000007c0000000)
 ParOldGen       total 2291200K, used 1817317K [0x00000006c0000000, 0x000000074bd80000, 0x000000076ab00000)
  object space 2291200K, 79% used [0x00000006c0000000,0x000000072eeb96c0,0x000000074bd80000)
 Metaspace       used 238604K, capacity 247010K, committed 247168K, reserved 1275904K
  class space    used 18553K, capacity 20079K, committed 20096K, reserved 1048576K
}
Event: 162.999 GC heap before
{Heap before GC invocations=137 (full 9):
 PSYoungGen      total 864256K, used 837632K [0x000000076ab00000, 0x00000007c0000000, 0x00000007c0000000)
  eden space 837632K, 100% used [0x000000076ab00000,0x000000079dd00000,0x000000079dd00000)
  from space 26624K, 0% used [0x000000079dd00000,0x000000079dd00000,0x000000079f700000)
  to   space 282624K, 0% used [0x00000007aec00000,0x00000007aec00000,0x00000007c0000000)
 ParOldGen       total 2291200K, used 1817317K [0x00000006c0000000, 0x000000074bd80000, 0x000000076ab00000)
  object space 2291200K, 79% used [0x00000006c0000000,0x000000072eeb96c0,0x000000074bd80000)
 Metaspace       used 240179K, capacity 248544K, committed 248704K, reserved 1277952K
  class space    used 18729K, capacity 20246K, committed 20352K, reserved 1048576K
Event: 163.020 GC heap after
Heap after GC invocations=137 (full 9):
 PSYoungGen      total 1112064K, used 24752K [0x000000076ab00000, 0x00000007c0000000, 0x00000007c0000000)
  eden space 829440K, 0% used [0x000000076ab00000,0x000000076ab00000,0x000000079d500000)
  from space 282624K, 8% used [0x00000007aec00000,0x00000007b042c3c8,0x00000007c0000000)
  to   space 284160K, 0% used [0x000000079d500000,0x000000079d500000,0x00000007aea80000)
 ParOldGen       total 2291200K, used 1817325K [0x00000006c0000000, 0x000000074bd80000, 0x000000076ab00000)
  object space 2291200K, 79% used [0x00000006c0000000,0x000000072eebb6c0,0x000000074bd80000)
 Metaspace       used 240179K, capacity 248544K, committed 248704K, reserved 1277952K
  class space    used 18729K, capacity 20246K, committed 20352K, reserved 1048576K
}

