# JRE version: OpenJDK Runtime Environment (Zulu 8.60.0.21-CA-macos-aarch64) (8.0_322-b06) (build 1.8.0_322-b06)
# Java VM: OpenJDK 64-Bit Server VM (25.322-b06 mixed mode bsd-aarch64 compressed oops)
Heap:
 PSYoungGen      total 1102336K, used 513170K [0x000000076ab00000, 0x00000007bfe80000, 0x00000007c0000000)
  eden space 806912K, 63% used [0x000000076ab00000,0x0000000789e8ab98,0x000000079bf00000)
  from space 295424K, 0% used [0x000000079bf00000,0x000000079c099f60,0x00000007adf80000)
  to   space 293888K, 0% used [0x00000007adf80000,0x00000007adf80000,0x00000007bfe80000)
 ParOldGen       total 2345472K, used 1894061K [0x00000006c0000000, 0x000000074f280000, 0x000000076ab00000)
  object space 2345472K, 80% used [0x00000006c0000000,0x00000007339ab4b0,0x000000074f280000)
 Metaspace       used 249159K, capacity 258198K, committed 258304K, reserved 1286144K
  class space    used 19550K, capacity 21162K, committed 21248K, reserved 1048576K
GC Heap History (10 events):
Event: 673.916 GC heap before
{Heap before GC invocations=159 (full 9):
 PSYoungGen      total 869376K, used 869105K [0x000000076ab00000, 0x00000007c0000000, 0x00000007c0000000)
  eden space 818176K, 100% used [0x000000076ab00000,0x000000079ca00000,0x000000079ca00000)
  from space 51200K, 99% used [0x000000079ca00000,0x000000079fbbc410,0x000000079fc00000)
  to   space 291328K, 0% used [0x00000007ae380000,0x00000007ae380000,0x00000007c0000000)
 ParOldGen       total 1917952K, used 1866882K [0x00000006c0000000, 0x0000000735100000, 0x000000076ab00000)
  object space 1917952K, 97% used [0x00000006c0000000,0x0000000731f20960,0x0000000735100000)
 Metaspace       used 249103K, capacity 258026K, committed 258304K, reserved 1286144K
  class space    used 19535K, capacity 21134K, committed 21248K, reserved 1048576K
Event: 674.363 GC heap after
Heap after GC invocations=159 (full 9):
 PSYoungGen      total 1102336K, used 34229K [0x000000076ab00000, 0x00000007c0000000, 0x00000007c0000000)
  eden space 811008K, 0% used [0x000000076ab00000,0x000000076ab00000,0x000000079c300000)
  from space 291328K, 11% used [0x00000007ae380000,0x00000007b04ed5e0,0x00000007c0000000)
  to   space 293376K, 0% used [0x000000079c300000,0x000000079c300000,0x00000007ae180000)
 ParOldGen       total 1917952K, used 1883250K [0x00000006c0000000, 0x0000000735100000, 0x000000076ab00000)
  object space 1917952K, 98% used [0x00000006c0000000,0x0000000732f1c990,0x0000000735100000)
 Metaspace       used 249103K, capacity 258026K, committed 258304K, reserved 1286144K
  class space    used 19535K, capacity 21134K, committed 21248K, reserved 1048576K
}
Event: 686.109 GC heap before
{Heap before GC invocations=160 (full 9):
 PSYoungGen      total 1102336K, used 845237K [0x000000076ab00000, 0x00000007c0000000, 0x00000007c0000000)
  eden space 811008K, 100% used [0x000000076ab00000,0x000000079c300000,0x000000079c300000)
  from space 291328K, 11% used [0x00000007ae380000,0x00000007b04ed5e0,0x00000007c0000000)
  to   space 293376K, 0% used [0x000000079c300000,0x000000079c300000,0x00000007ae180000)
 ParOldGen       total 1917952K, used 1883250K [0x00000006c0000000, 0x0000000735100000, 0x000000076ab00000)
  object space 1917952K, 98% used [0x00000006c0000000,0x0000000732f1c990,0x0000000735100000)
 Metaspace       used 249125K, capacity 258086K, committed 258304K, reserved 1286144K
  class space    used 19540K, capacity 21144K, committed 21248K, reserved 1048576K
Event: 686.127 GC heap after
Heap after GC invocations=160 (full 9):
 PSYoungGen      total 837120K, used 25941K [0x000000076ab00000, 0x00000007c0000000, 0x00000007c0000000)
  eden space 811008K, 0% used [0x000000076ab00000,0x000000076ab00000,0x000000079c300000)
  from space 26112K, 99% used [0x000000079c300000,0x000000079dc55458,0x000000079dc80000)
  to   space 293888K, 0% used [0x00000007ae100000,0x00000007ae100000,0x00000007c0000000)
 ParOldGen       total 1917952K, used 1892874K [0x00000006c0000000, 0x0000000735100000, 0x000000076ab00000)
  object space 1917952K, 98% used [0x00000006c0000000,0x0000000733882990,0x0000000735100000)
 Metaspace       used 249125K, capacity 258086K, committed 258304K, reserved 1286144K
  class space    used 19540K, capacity 21144K, committed 21248K, reserved 1048576K
}
Event: 686.127 GC heap before
{Heap before GC invocations=161 (full 10):
 PSYoungGen      total 837120K, used 25941K [0x000000076ab00000, 0x00000007c0000000, 0x00000007c0000000)
  eden space 811008K, 0% used [0x000000076ab00000,0x000000076ab00000,0x000000079c300000)
  from space 26112K, 99% used [0x000000079c300000,0x000000079dc55458,0x000000079dc80000)
  to   space 293888K, 0% used [0x00000007ae100000,0x00000007ae100000,0x00000007c0000000)
 ParOldGen       total 1917952K, used 1892874K [0x00000006c0000000, 0x0000000735100000, 0x000000076ab00000)
  object space 1917952K, 98% used [0x00000006c0000000,0x0000000733882990,0x0000000735100000)
 Metaspace       used 249125K, capacity 258086K, committed 258304K, reserved 1286144K
  class space    used 19540K, capacity 21144K, committed 21248K, reserved 1048576K
Event: 687.156 GC heap after
Heap after GC invocations=161 (full 10):
 PSYoungGen      total 837120K, used 0K [0x000000076ab00000, 0x00000007c0000000, 0x00000007c0000000)
  eden space 811008K, 0% used [0x000000076ab00000,0x000000076ab00000,0x000000079c300000)
  from space 26112K, 0% used [0x000000079c300000,0x000000079c300000,0x000000079dc80000)
  to   space 293888K, 0% used [0x00000007ae100000,0x00000007ae100000,0x00000007c0000000)
 ParOldGen       total 2345472K, used 1894045K [0x00000006c0000000, 0x000000074f280000, 0x000000076ab00000)
  object space 2345472K, 80% used [0x00000006c0000000,0x00000007339a74b0,0x000000074f280000)
 Metaspace       used 249123K, capacity 258080K, committed 258304K, reserved 1286144K
  class space    used 19540K, capacity 21143K, committed 21248K, reserved 1048576K
}
Event: 692.169 GC heap before
{Heap before GC invocations=162 (full 10):
 PSYoungGen      total 837120K, used 811008K [0x000000076ab00000, 0x00000007c0000000, 0x00000007c0000000)
  eden space 811008K, 100% used [0x000000076ab00000,0x000000079c300000,0x000000079c300000)
  from space 26112K, 0% used [0x000000079c300000,0x000000079c300000,0x000000079dc80000)
  to   space 293888K, 0% used [0x00000007ae100000,0x00000007ae100000,0x00000007c0000000)
 ParOldGen       total 2345472K, used 1894045K [0x00000006c0000000, 0x000000074f280000, 0x000000076ab00000)
  object space 2345472K, 80% used [0x00000006c0000000,0x00000007339a74b0,0x000000074f280000)
 Metaspace       used 249124K, capacity 258080K, committed 258304K, reserved 1286144K
  class space    used 19540K, capacity 21143K, committed 21248K, reserved 1048576K
Event: 692.179 GC heap after
Heap after GC invocations=162 (full 10):
 PSYoungGen      total 1100800K, used 1003K [0x000000076ab00000, 0x00000007c0000000, 0x00000007c0000000)
  eden space 806912K, 0% used [0x000000076ab00000,0x000000076ab00000,0x000000079bf00000)
  from space 293888K, 0% used [0x00000007ae100000,0x00000007ae1fac48,0x00000007c0000000)
  to   space 295424K, 0% used [0x000000079bf00000,0x000000079bf00000,0x00000007adf80000)
 ParOldGen       total 2345472K, used 1894053K [0x00000006c0000000, 0x000000074f280000, 0x000000076ab00000)
  object space 2345472K, 80% used [0x00000006c0000000,0x00000007339a94b0,0x000000074f280000)
 Metaspace       used 249124K, capacity 258080K, committed 258304K, reserved 1286144K
  class space    used 19540K, capacity 21143K, committed 21248K, reserved 1048576K
}
Event: 695.573 GC heap before
{Heap before GC invocations=163 (full 10):
 PSYoungGen      total 1100800K, used 807915K [0x000000076ab00000, 0x00000007c0000000, 0x00000007c0000000)
  eden space 806912K, 100% used [0x000000076ab00000,0x000000079bf00000,0x000000079bf00000)
  from space 293888K, 0% used [0x00000007ae100000,0x00000007ae1fac48,0x00000007c0000000)
  to   space 295424K, 0% used [0x000000079bf00000,0x000000079bf00000,0x00000007adf80000)
 ParOldGen       total 2345472K, used 1894053K [0x00000006c0000000, 0x000000074f280000, 0x000000076ab00000)
  object space 2345472K, 80% used [0x00000006c0000000,0x00000007339a94b0,0x000000074f280000)
 Metaspace       used 249159K, capacity 258198K, committed 258304K, reserved 1286144K
  class space    used 19550K, capacity 21162K, committed 21248K, reserved 1048576K
Event: 695.610 GC heap after
Heap after GC invocations=163 (full 10):
 PSYoungGen      total 1102336K, used 1639K [0x000000076ab00000, 0x00000007bfe80000, 0x00000007c0000000)
  eden space 806912K, 0% used [0x000000076ab00000,0x000000076ab00000,0x000000079bf00000)
  from space 295424K, 0% used [0x000000079bf00000,0x000000079c099f60,0x00000007adf80000)
  to   space 293888K, 0% used [0x00000007adf80000,0x00000007adf80000,0x00000007bfe80000)
 ParOldGen       total 2345472K, used 1894061K [0x00000006c0000000, 0x000000074f280000, 0x000000076ab00000)
  object space 2345472K, 80% used [0x00000006c0000000,0x00000007339ab4b0,0x000000074f280000)
 Metaspace       used 249159K, capacity 258198K, committed 258304K, reserved 1286144K
  class space    used 19550K, capacity 21162K, committed 21248K, reserved 1048576K
}

