# JRE version: OpenJDK Runtime Environment (Zulu 8.60.0.21-CA-macos-aarch64) (8.0_322-b06) (build 1.8.0_322-b06)
# Java VM: OpenJDK 64-Bit Server VM (25.322-b06 mixed mode bsd-aarch64 compressed oops)
Heap:
 PSYoungGen      total 1013760K, used 371406K [0x000000076ab00000, 0x00000007be100000, 0x00000007c0000000)
  eden space 697344K, 53% used [0x000000076ab00000,0x00000007815b3b70,0x0000000795400000)
  from space 316416K, 0% used [0x00000007aac00000,0x00000007aac00000,0x00000007be100000)
  to   space 334336K, 0% used [0x0000000795400000,0x0000000795400000,0x00000007a9a80000)
 ParOldGen       total 2796544K, used 2796440K [0x00000006c0000000, 0x000000076ab00000, 0x000000076ab00000)
  object space 2796544K, 99% used [0x00000006c0000000,0x000000076aae60d8,0x000000076ab00000)
 Metaspace       used 285394K, capacity 291786K, committed 302928K, reserved 1327104K
  class space    used 21602K, capacity 22608K, committed 24448K, reserved 1048576K
GC Heap History (10 events):
Event: 10761.239 GC heap before
{Heap before GC invocations=517 (full 293):
 PSYoungGen      total 1013760K, used 697344K [0x000000076ab00000, 0x00000007be100000, 0x00000007c0000000)
  eden space 697344K, 100% used [0x000000076ab00000,0x0000000795400000,0x0000000795400000)
  from space 316416K, 0% used [0x00000007aac00000,0x00000007aac00000,0x00000007be100000)
  to   space 334336K, 0% used [0x0000000795400000,0x0000000795400000,0x00000007a9a80000)
 ParOldGen       total 2796544K, used 2796440K [0x00000006c0000000, 0x000000076ab00000, 0x000000076ab00000)
  object space 2796544K, 99% used [0x00000006c0000000,0x000000076aae60d8,0x000000076ab00000)
 Metaspace       used 285213K, capacity 291562K, committed 302672K, reserved 1327104K
  class space    used 21586K, capacity 22576K, committed 24448K, reserved 1048576K
Event: 10763.413 GC heap after
Heap after GC invocations=517 (full 293):
 PSYoungGen      total 1013760K, used 167634K [0x000000076ab00000, 0x00000007be100000, 0x00000007c0000000)
  eden space 697344K, 24% used [0x000000076ab00000,0x0000000774eb4978,0x0000000795400000)
  from space 316416K, 0% used [0x00000007aac00000,0x00000007aac00000,0x00000007be100000)
  to   space 334336K, 0% used [0x0000000795400000,0x0000000795400000,0x00000007a9a80000)
 ParOldGen       total 2796544K, used 2796440K [0x00000006c0000000, 0x000000076ab00000, 0x000000076ab00000)
  object space 2796544K, 99% used [0x00000006c0000000,0x000000076aae60d8,0x000000076ab00000)
 Metaspace       used 285213K, capacity 291562K, committed 302672K, reserved 1327104K
  class space    used 21586K, capacity 22576K, committed 24448K, reserved 1048576K
}
Event: 10812.168 GC heap before
{Heap before GC invocations=518 (full 294):
 PSYoungGen      total 1013760K, used 697344K [0x000000076ab00000, 0x00000007be100000, 0x00000007c0000000)
  eden space 697344K, 100% used [0x000000076ab00000,0x0000000795400000,0x0000000795400000)
  from space 316416K, 0% used [0x00000007aac00000,0x00000007aac00000,0x00000007be100000)
  to   space 334336K, 0% used [0x0000000795400000,0x0000000795400000,0x00000007a9a80000)
 ParOldGen       total 2796544K, used 2796440K [0x00000006c0000000, 0x000000076ab00000, 0x000000076ab00000)
  object space 2796544K, 99% used [0x00000006c0000000,0x000000076aae60d8,0x000000076ab00000)
 Metaspace       used 285213K, capacity 291562K, committed 302672K, reserved 1327104K
  class space    used 21586K, capacity 22576K, committed 24448K, reserved 1048576K
Event: 10813.809 GC heap after
Heap after GC invocations=518 (full 294):
 PSYoungGen      total 1013760K, used 167537K [0x000000076ab00000, 0x00000007be100000, 0x00000007c0000000)
  eden space 697344K, 24% used [0x000000076ab00000,0x0000000774e9c760,0x0000000795400000)
  from space 316416K, 0% used [0x00000007aac00000,0x00000007aac00000,0x00000007be100000)
  to   space 334336K, 0% used [0x0000000795400000,0x0000000795400000,0x00000007a9a80000)
 ParOldGen       total 2796544K, used 2796440K [0x00000006c0000000, 0x000000076ab00000, 0x000000076ab00000)
  object space 2796544K, 99% used [0x00000006c0000000,0x000000076aae60d8,0x000000076ab00000)
 Metaspace       used 285213K, capacity 291562K, committed 302672K, reserved 1327104K
  class space    used 21586K, capacity 22576K, committed 24448K, reserved 1048576K
}
Event: 10870.509 GC heap before
{Heap before GC invocations=519 (full 295):
 PSYoungGen      total 1013760K, used 697344K [0x000000076ab00000, 0x00000007be100000, 0x00000007c0000000)
  eden space 697344K, 100% used [0x000000076ab00000,0x0000000795400000,0x0000000795400000)
  from space 316416K, 0% used [0x00000007aac00000,0x00000007aac00000,0x00000007be100000)
  to   space 334336K, 0% used [0x0000000795400000,0x0000000795400000,0x00000007a9a80000)
 ParOldGen       total 2796544K, used 2796440K [0x00000006c0000000, 0x000000076ab00000, 0x000000076ab00000)
  object space 2796544K, 99% used [0x00000006c0000000,0x000000076aae60d8,0x000000076ab00000)
 Metaspace       used 285380K, capacity 291786K, committed 302928K, reserved 1327104K
  class space    used 21596K, capacity 22608K, committed 24448K, reserved 1048576K
Event: 10872.663 GC heap after
Heap after GC invocations=519 (full 295):
 PSYoungGen      total 1013760K, used 167602K [0x000000076ab00000, 0x00000007be100000, 0x00000007c0000000)
  eden space 697344K, 24% used [0x000000076ab00000,0x0000000774eacaf0,0x0000000795400000)
  from space 316416K, 0% used [0x00000007aac00000,0x00000007aac00000,0x00000007be100000)
  to   space 334336K, 0% used [0x0000000795400000,0x0000000795400000,0x00000007a9a80000)
 ParOldGen       total 2796544K, used 2796440K [0x00000006c0000000, 0x000000076ab00000, 0x000000076ab00000)
  object space 2796544K, 99% used [0x00000006c0000000,0x000000076aae60d8,0x000000076ab00000)
 Metaspace       used 285380K, capacity 291786K, committed 302928K, reserved 1327104K
  class space    used 21596K, capacity 22608K, committed 24448K, reserved 1048576K
}
Event: 10921.016 GC heap before
{Heap before GC invocations=520 (full 296):
 PSYoungGen      total 1013760K, used 697344K [0x000000076ab00000, 0x00000007be100000, 0x00000007c0000000)
  eden space 697344K, 100% used [0x000000076ab00000,0x0000000795400000,0x0000000795400000)
  from space 316416K, 0% used [0x00000007aac00000,0x00000007aac00000,0x00000007be100000)
  to   space 334336K, 0% used [0x0000000795400000,0x0000000795400000,0x00000007a9a80000)
 ParOldGen       total 2796544K, used 2796440K [0x00000006c0000000, 0x000000076ab00000, 0x000000076ab00000)
  object space 2796544K, 99% used [0x00000006c0000000,0x000000076aae60d8,0x000000076ab00000)
 Metaspace       used 285380K, capacity 291786K, committed 302928K, reserved 1327104K
  class space    used 21596K, capacity 22608K, committed 24448K, reserved 1048576K
Event: 10922.702 GC heap after
Heap after GC invocations=520 (full 296):
 PSYoungGen      total 1013760K, used 167454K [0x000000076ab00000, 0x00000007be100000, 0x00000007c0000000)
  eden space 697344K, 24% used [0x000000076ab00000,0x0000000774e87928,0x0000000795400000)
  from space 316416K, 0% used [0x00000007aac00000,0x00000007aac00000,0x00000007be100000)
  to   space 334336K, 0% used [0x0000000795400000,0x0000000795400000,0x00000007a9a80000)
 ParOldGen       total 2796544K, used 2796440K [0x00000006c0000000, 0x000000076ab00000, 0x000000076ab00000)
  object space 2796544K, 99% used [0x00000006c0000000,0x000000076aae60d8,0x000000076ab00000)
 Metaspace       used 285380K, capacity 291786K, committed 302928K, reserved 1327104K
  class space    used 21596K, capacity 22608K, committed 24448K, reserved 1048576K
}
Event: 10971.936 GC heap before
{Heap before GC invocations=521 (full 297):
 PSYoungGen      total 1013760K, used 697344K [0x000000076ab00000, 0x00000007be100000, 0x00000007c0000000)
  eden space 697344K, 100% used [0x000000076ab00000,0x0000000795400000,0x0000000795400000)
  from space 316416K, 0% used [0x00000007aac00000,0x00000007aac00000,0x00000007be100000)
  to   space 334336K, 0% used [0x0000000795400000,0x0000000795400000,0x00000007a9a80000)
 ParOldGen       total 2796544K, used 2796440K [0x00000006c0000000, 0x000000076ab00000, 0x000000076ab00000)
  object space 2796544K, 99% used [0x00000006c0000000,0x000000076aae60d8,0x000000076ab00000)
 Metaspace       used 285380K, capacity 291786K, committed 302928K, reserved 1327104K
  class space    used 21596K, capacity 22608K, committed 24448K, reserved 1048576K
Event: 10974.305 GC heap after
Heap after GC invocations=521 (full 297):
 PSYoungGen      total 1013760K, used 167535K [0x000000076ab00000, 0x00000007be100000, 0x00000007c0000000)
  eden space 697344K, 24% used [0x000000076ab00000,0x0000000774e9bf50,0x0000000795400000)
  from space 316416K, 0% used [0x00000007aac00000,0x00000007aac00000,0x00000007be100000)
  to   space 334336K, 0% used [0x0000000795400000,0x0000000795400000,0x00000007a9a80000)
 ParOldGen       total 2796544K, used 2796440K [0x00000006c0000000, 0x000000076ab00000, 0x000000076ab00000)
  object space 2796544K, 99% used [0x00000006c0000000,0x000000076aae60d8,0x000000076ab00000)
 Metaspace       used 285380K, capacity 291786K, committed 302928K, reserved 1327104K
  class space    used 21596K, capacity 22608K, committed 24448K, reserved 1048576K
}

