# JRE version: OpenJDK Runtime Environment (Zulu 8.60.0.21-CA-macos-aarch64) (8.0_322-b06) (build 1.8.0_322-b06)
# Java VM: OpenJDK 64-Bit Server VM (25.322-b06 mixed mode bsd-aarch64 compressed oops)
Heap:
 PSYoungGen      total 971264K, used 365498K [0x000000076ab00000, 0x00000007c0000000, 0x00000007c0000000)
  eden space 735232K, 49% used [0x000000076ab00000,0x0000000780feeba8,0x0000000797900000)
  from space 236032K, 0% used [0x0000000797900000,0x0000000797900000,0x00000007a5f80000)
  to   space 335360K, 0% used [0x00000007ab880000,0x00000007ab880000,0x00000007c0000000)
 ParOldGen       total 2796544K, used 2796374K [0x00000006c0000000, 0x000000076ab00000, 0x000000076ab00000)
  object space 2796544K, 99% used [0x00000006c0000000,0x000000076aad5ad0,0x000000076ab00000)
 Metaspace       used 289727K, capacity 300244K, committed 300544K, reserved 1325056K
  class space    used 22291K, capacity 24180K, committed 24320K, reserved 1048576K
GC Heap History (10 events):
Event: 974.025 GC heap before
{Heap before GC invocations=299 (full 69):
 PSYoungGen      total 971264K, used 735232K [0x000000076ab00000, 0x00000007c0000000, 0x00000007c0000000)
  eden space 735232K, 100% used [0x000000076ab00000,0x0000000797900000,0x0000000797900000)
  from space 236032K, 0% used [0x0000000797900000,0x0000000797900000,0x00000007a5f80000)
  to   space 335360K, 0% used [0x00000007ab880000,0x00000007ab880000,0x00000007c0000000)
 ParOldGen       total 2796544K, used 2796328K [0x00000006c0000000, 0x000000076ab00000, 0x000000076ab00000)
  object space 2796544K, 99% used [0x00000006c0000000,0x000000076aaca328,0x000000076ab00000)
 Metaspace       used 289792K, capacity 300366K, committed 300544K, reserved 1325056K
  class space    used 22311K, capacity 24219K, committed 24320K, reserved 1048576K
Event: 975.411 GC heap after
Heap after GC invocations=299 (full 69):
 PSYoungGen      total 971264K, used 351911K [0x000000076ab00000, 0x00000007c0000000, 0x00000007c0000000)
  eden space 735232K, 47% used [0x000000076ab00000,0x00000007802a9e08,0x0000000797900000)
  from space 236032K, 0% used [0x0000000797900000,0x0000000797900000,0x00000007a5f80000)
  to   space 335360K, 0% used [0x00000007ab880000,0x00000007ab880000,0x00000007c0000000)
 ParOldGen       total 2796544K, used 2796328K [0x00000006c0000000, 0x000000076ab00000, 0x000000076ab00000)
  object space 2796544K, 99% used [0x00000006c0000000,0x000000076aaca328,0x000000076ab00000)
 Metaspace       used 289792K, capacity 300366K, committed 300544K, reserved 1325056K
  class space    used 22311K, capacity 24219K, committed 24320K, reserved 1048576K
}
Event: 1001.648 GC heap before
{Heap before GC invocations=300 (full 70):
 PSYoungGen      total 971264K, used 735232K [0x000000076ab00000, 0x00000007c0000000, 0x00000007c0000000)
  eden space 735232K, 100% used [0x000000076ab00000,0x0000000797900000,0x0000000797900000)
  from space 236032K, 0% used [0x0000000797900000,0x0000000797900000,0x00000007a5f80000)
  to   space 335360K, 0% used [0x00000007ab880000,0x00000007ab880000,0x00000007c0000000)
 ParOldGen       total 2796544K, used 2796328K [0x00000006c0000000, 0x000000076ab00000, 0x000000076ab00000)
  object space 2796544K, 99% used [0x00000006c0000000,0x000000076aaca328,0x000000076ab00000)
 Metaspace       used 289803K, capacity 300430K, committed 300544K, reserved 1325056K
  class space    used 22311K, capacity 24219K, committed 24320K, reserved 1048576K
Event: 1003.125 GC heap after
Heap after GC invocations=300 (full 70):
 PSYoungGen      total 971264K, used 351855K [0x000000076ab00000, 0x00000007c0000000, 0x00000007c0000000)
  eden space 735232K, 47% used [0x000000076ab00000,0x000000078029bf88,0x0000000797900000)
  from space 236032K, 0% used [0x0000000797900000,0x0000000797900000,0x00000007a5f80000)
  to   space 335360K, 0% used [0x00000007ab880000,0x00000007ab880000,0x00000007c0000000)
 ParOldGen       total 2796544K, used 2796328K [0x00000006c0000000, 0x000000076ab00000, 0x000000076ab00000)
  object space 2796544K, 99% used [0x00000006c0000000,0x000000076aaca328,0x000000076ab00000)
 Metaspace       used 289803K, capacity 300430K, committed 300544K, reserved 1325056K
  class space    used 22311K, capacity 24219K, committed 24320K, reserved 1048576K
}
Event: 1023.875 GC heap before
{Heap before GC invocations=301 (full 71):
 PSYoungGen      total 971264K, used 735232K [0x000000076ab00000, 0x00000007c0000000, 0x00000007c0000000)
  eden space 735232K, 100% used [0x000000076ab00000,0x0000000797900000,0x0000000797900000)
  from space 236032K, 0% used [0x0000000797900000,0x0000000797900000,0x00000007a5f80000)
  to   space 335360K, 0% used [0x00000007ab880000,0x00000007ab880000,0x00000007c0000000)
 ParOldGen       total 2796544K, used 2796328K [0x00000006c0000000, 0x000000076ab00000, 0x000000076ab00000)
  object space 2796544K, 99% used [0x00000006c0000000,0x000000076aaca328,0x000000076ab00000)
 Metaspace       used 289803K, capacity 300430K, committed 300544K, reserved 1325056K
  class space    used 22311K, capacity 24219K, committed 24320K, reserved 1048576K
Event: 1027.298 GC heap after
Heap after GC invocations=301 (full 71):
 PSYoungGen      total 971264K, used 351859K [0x000000076ab00000, 0x00000007c0000000, 0x00000007c0000000)
  eden space 735232K, 47% used [0x000000076ab00000,0x000000078029ce78,0x0000000797900000)
  from space 236032K, 0% used [0x0000000797900000,0x0000000797900000,0x00000007a5f80000)
  to   space 335360K, 0% used [0x00000007ab880000,0x00000007ab880000,0x00000007c0000000)
 ParOldGen       total 2796544K, used 2796328K [0x00000006c0000000, 0x000000076ab00000, 0x000000076ab00000)
  object space 2796544K, 99% used [0x00000006c0000000,0x000000076aaca328,0x000000076ab00000)
 Metaspace       used 289803K, capacity 300430K, committed 300544K, reserved 1325056K
  class space    used 22311K, capacity 24219K, committed 24320K, reserved 1048576K
}
Event: 1050.904 GC heap before
{Heap before GC invocations=302 (full 72):
 PSYoungGen      total 971264K, used 735232K [0x000000076ab00000, 0x00000007c0000000, 0x00000007c0000000)
  eden space 735232K, 100% used [0x000000076ab00000,0x0000000797900000,0x0000000797900000)
  from space 236032K, 0% used [0x0000000797900000,0x0000000797900000,0x00000007a5f80000)
  to   space 335360K, 0% used [0x00000007ab880000,0x00000007ab880000,0x00000007c0000000)
 ParOldGen       total 2796544K, used 2796328K [0x00000006c0000000, 0x000000076ab00000, 0x000000076ab00000)
  object space 2796544K, 99% used [0x00000006c0000000,0x000000076aaca328,0x000000076ab00000)
 Metaspace       used 289838K, capacity 300430K, committed 300544K, reserved 1325056K
  class space    used 22312K, capacity 24219K, committed 24320K, reserved 1048576K
Event: 1057.564 GC heap after
Heap after GC invocations=302 (full 72):
 PSYoungGen      total 971264K, used 351963K [0x000000076ab00000, 0x00000007c0000000, 0x00000007c0000000)
  eden space 735232K, 47% used [0x000000076ab00000,0x00000007802b6e48,0x0000000797900000)
  from space 236032K, 0% used [0x0000000797900000,0x0000000797900000,0x00000007a5f80000)
  to   space 335360K, 0% used [0x00000007ab880000,0x00000007ab880000,0x00000007c0000000)
 ParOldGen       total 2796544K, used 2796114K [0x00000006c0000000, 0x000000076ab00000, 0x000000076ab00000)
  object space 2796544K, 99% used [0x00000006c0000000,0x000000076aa94968,0x000000076ab00000)
 Metaspace       used 289819K, capacity 300400K, committed 300544K, reserved 1325056K
  class space    used 22308K, capacity 24212K, committed 24320K, reserved 1048576K
}
Event: 1067.192 GC heap before
{Heap before GC invocations=303 (full 73):
 PSYoungGen      total 971264K, used 735232K [0x000000076ab00000, 0x00000007c0000000, 0x00000007c0000000)
  eden space 735232K, 100% used [0x000000076ab00000,0x0000000797900000,0x0000000797900000)
  from space 236032K, 0% used [0x0000000797900000,0x0000000797900000,0x00000007a5f80000)
  to   space 335360K, 0% used [0x00000007ab880000,0x00000007ab880000,0x00000007c0000000)
 ParOldGen       total 2796544K, used 2796114K [0x00000006c0000000, 0x000000076ab00000, 0x000000076ab00000)
  object space 2796544K, 99% used [0x00000006c0000000,0x000000076aa94968,0x000000076ab00000)
 Metaspace       used 289847K, capacity 300442K, committed 300544K, reserved 1325056K
  class space    used 22312K, capacity 24219K, committed 24320K, reserved 1048576K
Event: 1069.959 GC heap after
Heap after GC invocations=303 (full 73):
 PSYoungGen      total 971264K, used 350827K [0x000000076ab00000, 0x00000007c0000000, 0x00000007c0000000)
  eden space 735232K, 47% used [0x000000076ab00000,0x000000078019afe8,0x0000000797900000)
  from space 236032K, 0% used [0x0000000797900000,0x0000000797900000,0x00000007a5f80000)
  to   space 335360K, 0% used [0x00000007ab880000,0x00000007ab880000,0x00000007c0000000)
 ParOldGen       total 2796544K, used 2796374K [0x00000006c0000000, 0x000000076ab00000, 0x000000076ab00000)
  object space 2796544K, 99% used [0x00000006c0000000,0x000000076aad5ad0,0x000000076ab00000)
 Metaspace       used 289727K, capacity 300244K, committed 300544K, reserved 1325056K
  class space    used 22291K, capacity 24180K, committed 24320K, reserved 1048576K
}

